<?xml version="1.0" encoding="UTF-8"?>
<!-- Generated by org.testng.reporters.JUnitReportReporter -->
<testsuite hostname="DESKTOP-KNGCGF8" failures="0" tests="1" name="testcases.DarazHelpCentrePageTest" time="9.736" errors="0" timestamp="2024-02-24T14:08:32 BDT" skipped="0">
  <testcase classname="testcases.DarazHelpCentrePageTest" name="testHelpCenter" time="9.736"/>
</testsuite> <!-- testcases.DarazHelpCentrePageTest -->
