<?xml version="1.0" encoding="UTF-8"?>
<!-- Generated by org.testng.reporters.JUnitReportReporter -->
<testsuite hostname="DESKTOP-KNGCGF8" failures="0" tests="2" name="testcases.DarazSignUpPageTest" time="25.951" errors="0" timestamp="2024-02-24T00:14:03 BDT" skipped="0">
  <testcase classname="testcases.DarazSignUpPageTest" name="clickSignUpBlandData" time="5.785"/>
  <testcase classname="testcases.DarazSignUpPageTest" name="validDataSignUp" time="20.166"/>
</testsuite> <!-- testcases.DarazSignUpPageTest -->
