<?xml version="1.0" encoding="UTF-8"?>
<!-- Generated by org.testng.reporters.JUnitReportReporter -->
<testsuite hostname="DESKTOP-KNGCGF8" failures="0" tests="1" name="testcases.DarazLoginPageTest" time="24.197" errors="0" timestamp="2024-02-22T20:04:18 BDT" skipped="0">
  <testcase classname="testcases.DarazLoginPageTest" name="testLoginInvalidData" time="24.197"/>
</testsuite> <!-- testcases.DarazLoginPageTest -->
