<?xml version="1.0" encoding="UTF-8"?>
<!-- Generated by org.testng.reporters.JUnitReportReporter -->
<testsuite hostname="DESKTOP-KNGCGF8" failures="0" tests="4" name="testcases.DarazLoginPageTest" time="118.999" errors="0" timestamp="2024-02-28T20:41:01 BDT" skipped="0">
  <testcase classname="testcases.DarazLoginPageTest" name="testLoginInvalidData" time="29.813"/>
  <testcase classname="testcases.DarazLoginPageTest" name="testLoginInvalidData" time="32.349"/>
  <testcase classname="testcases.DarazLoginPageTest" name="testLoginInvalidData" time="26.722"/>
  <testcase classname="testcases.DarazLoginPageTest" name="testLoginInvalidData" time="30.115"/>
</testsuite> <!-- testcases.DarazLoginPageTest -->
