<?xml version="1.0" encoding="UTF-8"?>
<!-- Generated by org.testng.reporters.JUnitReportReporter -->
<testsuite hostname="DESKTOP-KNGCGF8" failures="0" tests="1" name="testcases.DarazHelpCentrePageTest" time="1.122" errors="0" timestamp="2024-02-24T00:14:03 BDT" skipped="0">
  <testcase classname="testcases.DarazHelpCentrePageTest" name="testHelpCenter" time="1.122"/>
</testsuite> <!-- testcases.DarazHelpCentrePageTest -->
