<?xml version="1.0" encoding="UTF-8"?>
<!-- Generated by org.testng.reporters.JUnitReportReporter -->
<testsuite hostname="DESKTOP-KNGCGF8" failures="0" tests="2" name="testcases.DarazSignUpPageTest" time="41.077" errors="0" timestamp="2024-02-24T14:08:32 BDT" skipped="0">
  <testcase classname="testcases.DarazSignUpPageTest" name="clickSignUpBlandData" time="13.156"/>
  <testcase classname="testcases.DarazSignUpPageTest" name="validDataSignUp" time="27.921"/>
</testsuite> <!-- testcases.DarazSignUpPageTest -->
